<?xml version="1.0" encoding="UTF-8"?>
<!-- Generated by org.testng.reporters.JUnitReportReporter -->
<testsuite skipped="0" hostname="Roshanhoskere" name="MavenProject.Assignment_Selenium.RegisterationOfMultipleUsers" tests="3" failures="0" timestamp="2020-01-11T17:29:00 EST" time="68.310" errors="0">
  <testcase name="registertest" time="18.286" classname="MavenProject.Assignment_Selenium.RegisterationOfMultipleUsers"/>
  <testcase name="registertest" time="18.323" classname="MavenProject.Assignment_Selenium.RegisterationOfMultipleUsers"/>
  <testcase name="registertest" time="31.701" classname="MavenProject.Assignment_Selenium.RegisterationOfMultipleUsers"/>
</testsuite> <!-- MavenProject.Assignment_Selenium.RegisterationOfMultipleUsers -->
