<?xml version="1.0" encoding="UTF-8"?>
<!-- Generated by org.testng.reporters.JUnitReportReporter -->
<testsuite skipped="0" hostname="Roshanhoskere" name="MavenProject.Assignment_Selenium.RegisterationPage" tests="1" failures="0" timestamp="2020-02-07T12:55:41 EST" time="6.951" errors="0">
  <testcase name="Register" time="6.951" classname="MavenProject.Assignment_Selenium.RegisterationPage"/>
</testsuite> <!-- MavenProject.Assignment_Selenium.RegisterationPage -->
