<?xml version="1.0" encoding="UTF-8"?>
<!-- Generated by org.testng.reporters.JUnitReportReporter -->
<testsuite skipped="0" hostname="Roshanhoskere" name="MavenProject.Assignment_Selenium.TestSuite3" tests="5" failures="0" timestamp="2020-01-08T13:57:44 EST" time="0.027" errors="0">
  <testcase name="RegressionTestCase1" time="0.004" classname="MavenProject.Assignment_Selenium.TestSuite3"/>
  <testcase name="RegressionTestCase2" time="0.009" classname="MavenProject.Assignment_Selenium.TestSuite3"/>
  <testcase name="SanityTestCase1" time="0.007" classname="MavenProject.Assignment_Selenium.TestSuite3"/>
  <testcase name="SanityTestCase2" time="0.005" classname="MavenProject.Assignment_Selenium.TestSuite3"/>
  <testcase name="SanityTestCase3" time="0.002" classname="MavenProject.Assignment_Selenium.TestSuite3"/>
</testsuite> <!-- MavenProject.Assignment_Selenium.TestSuite3 -->
