<?xml version="1.0" encoding="UTF-8"?>
<!-- Generated by org.testng.reporters.JUnitReportReporter -->
<testsuite skipped="0" hostname="Roshanhoskere" name="MavenProject.Assignment_Selenium.TS3" tests="3" failures="0" timestamp="2020-02-07T13:23:23 EST" time="0.005" errors="0">
  <testcase name="SanityTestCase2" time="0.002" classname="MavenProject.Assignment_Selenium.TS3"/>
  <testcase name="SanityTestCase1" time="0.001" classname="MavenProject.Assignment_Selenium.TS3"/>
  <testcase name="SanityTestCase3" time="0.002" classname="MavenProject.Assignment_Selenium.TS3"/>
</testsuite> <!-- MavenProject.Assignment_Selenium.TS3 -->
