<?xml version="1.0" encoding="UTF-8"?>
<!-- Generated by org.testng.reporters.JUnitReportReporter -->
<testsuite skipped="0" hostname="Roshanhoskere" name="MavenProject.Assignment_Selenium.TS1" tests="3" failures="0" timestamp="2020-02-07T13:23:23 EST" time="0.021" errors="0">
  <testcase name="SanityTestCase2" time="0.003" classname="MavenProject.Assignment_Selenium.TS1"/>
  <testcase name="SanityTestCase1" time="0.015" classname="MavenProject.Assignment_Selenium.TS1"/>
  <testcase name="SanityTestCase3" time="0.003" classname="MavenProject.Assignment_Selenium.TS1"/>
</testsuite> <!-- MavenProject.Assignment_Selenium.TS1 -->
